<?xml version="1.0" encoding="UTF-8"?>
<testsuite xmlns:xsi="http://www.w3.org/2001/XMLSchema-instance" xsi:noNamespaceSchemaLocation="https://maven.apache.org/surefire/maven-surefire-plugin/xsd/surefire-test-report.xsd" name="com.zjy.xlz.XlzApplicationTests" time="5.654" tests="1" errors="0" skipped="0" failures="0">
  <properties>
    <property name="sun.desktop" value="windows"/>
    <property name="awt.toolkit" value="sun.awt.windows.WToolkit"/>
    <property name="file.encoding.pkg" value="sun.io"/>
    <property name="java.specification.version" value="1.8"/>
    <property name="sun.cpu.isalist" value="amd64"/>
    <property name="sun.jnu.encoding" value="GBK"/>
    <property name="java.class.path" value="D:\IDEAWORK\xlz\target\test-classes;D:\IDEAWORK\xlz\target\classes;E:\mavenRepository\org\springframework\boot\spring-boot-starter-web\2.7.4\spring-boot-starter-web-2.7.4.jar;E:\mavenRepository\org\springframework\boot\spring-boot-starter\2.7.4\spring-boot-starter-2.7.4.jar;E:\mavenRepository\org\springframework\boot\spring-boot\2.7.4\spring-boot-2.7.4.jar;E:\mavenRepository\org\springframework\boot\spring-boot-starter-logging\2.7.4\spring-boot-starter-logging-2.7.4.jar;E:\mavenRepository\ch\qos\logback\logback-classic\1.2.11\logback-classic-1.2.11.jar;E:\mavenRepository\ch\qos\logback\logback-core\1.2.11\logback-core-1.2.11.jar;E:\mavenRepository\org\apache\logging\log4j\log4j-to-slf4j\2.17.2\log4j-to-slf4j-2.17.2.jar;E:\mavenRepository\org\apache\logging\log4j\log4j-api\2.17.2\log4j-api-2.17.2.jar;E:\mavenRepository\org\slf4j\jul-to-slf4j\1.7.36\jul-to-slf4j-1.7.36.jar;E:\mavenRepository\jakarta\annotation\jakarta.annotation-api\1.3.5\jakarta.annotation-api-1.3.5.jar;E:\mavenRepository\org\yaml\snakeyaml\1.30\snakeyaml-1.30.jar;E:\mavenRepository\org\springframework\boot\spring-boot-starter-json\2.7.4\spring-boot-starter-json-2.7.4.jar;E:\mavenRepository\com\fasterxml\jackson\core\jackson-databind\2.13.4\jackson-databind-2.13.4.jar;E:\mavenRepository\com\fasterxml\jackson\core\jackson-annotations\2.13.4\jackson-annotations-2.13.4.jar;E:\mavenRepository\com\fasterxml\jackson\core\jackson-core\2.13.4\jackson-core-2.13.4.jar;E:\mavenRepository\com\fasterxml\jackson\datatype\jackson-datatype-jdk8\2.13.4\jackson-datatype-jdk8-2.13.4.jar;E:\mavenRepository\com\fasterxml\jackson\datatype\jackson-datatype-jsr310\2.13.4\jackson-datatype-jsr310-2.13.4.jar;E:\mavenRepository\com\fasterxml\jackson\module\jackson-module-parameter-names\2.13.4\jackson-module-parameter-names-2.13.4.jar;E:\mavenRepository\org\springframework\boot\spring-boot-starter-tomcat\2.7.4\spring-boot-starter-tomcat-2.7.4.jar;E:\mavenRepository\org\apache\tomcat\embed\tomcat-embed-core\9.0.65\tomcat-embed-core-9.0.65.jar;E:\mavenRepository\org\apache\tomcat\embed\tomcat-embed-el\9.0.65\tomcat-embed-el-9.0.65.jar;E:\mavenRepository\org\apache\tomcat\embed\tomcat-embed-websocket\9.0.65\tomcat-embed-websocket-9.0.65.jar;E:\mavenRepository\org\springframework\spring-web\5.3.23\spring-web-5.3.23.jar;E:\mavenRepository\org\springframework\spring-beans\5.3.23\spring-beans-5.3.23.jar;E:\mavenRepository\org\springframework\spring-webmvc\5.3.23\spring-webmvc-5.3.23.jar;E:\mavenRepository\org\springframework\spring-aop\5.3.23\spring-aop-5.3.23.jar;E:\mavenRepository\org\springframework\spring-context\5.3.23\spring-context-5.3.23.jar;E:\mavenRepository\org\springframework\spring-expression\5.3.23\spring-expression-5.3.23.jar;E:\mavenRepository\mysql\mysql-connector-java\8.0.30\mysql-connector-java-8.0.30.jar;E:\mavenRepository\org\projectlombok\lombok\1.18.24\lombok-1.18.24.jar;E:\mavenRepository\org\springframework\boot\spring-boot-starter-mail\2.7.4\spring-boot-starter-mail-2.7.4.jar;E:\mavenRepository\org\springframework\spring-context-support\5.3.23\spring-context-support-5.3.23.jar;E:\mavenRepository\com\sun\mail\jakarta.mail\1.6.7\jakarta.mail-1.6.7.jar;E:\mavenRepository\com\sun\activation\jakarta.activation\1.2.2\jakarta.activation-1.2.2.jar;E:\mavenRepository\org\springframework\boot\spring-boot-starter-data-jpa\2.7.4\spring-boot-starter-data-jpa-2.7.4.jar;E:\mavenRepository\org\springframework\boot\spring-boot-starter-aop\2.7.4\spring-boot-starter-aop-2.7.4.jar;E:\mavenRepository\org\aspectj\aspectjweaver\1.9.7\aspectjweaver-1.9.7.jar;E:\mavenRepository\org\springframework\boot\spring-boot-starter-jdbc\2.7.4\spring-boot-starter-jdbc-2.7.4.jar;E:\mavenRepository\com\zaxxer\HikariCP\4.0.3\HikariCP-4.0.3.jar;E:\mavenRepository\org\springframework\spring-jdbc\5.3.23\spring-jdbc-5.3.23.jar;E:\mavenRepository\jakarta\transaction\jakarta.transaction-api\1.3.3\jakarta.transaction-api-1.3.3.jar;E:\mavenRepository\jakarta\persistence\jakarta.persistence-api\2.2.3\jakarta.persistence-api-2.2.3.jar;E:\mavenRepository\org\hibernate\hibernate-core\5.6.11.Final\hibernate-core-5.6.11.Final.jar;E:\mavenRepository\org\jboss\logging\jboss-logging\3.4.3.Final\jboss-logging-3.4.3.Final.jar;E:\mavenRepository\net\bytebuddy\byte-buddy\1.12.17\byte-buddy-1.12.17.jar;E:\mavenRepository\antlr\antlr\2.7.7\antlr-2.7.7.jar;E:\mavenRepository\org\jboss\jandex\2.4.2.Final\jandex-2.4.2.Final.jar;E:\mavenRepository\com\fasterxml\classmate\1.5.1\classmate-1.5.1.jar;E:\mavenRepository\org\hibernate\common\hibernate-commons-annotations\5.1.2.Final\hibernate-commons-annotations-5.1.2.Final.jar;E:\mavenRepository\org\glassfish\jaxb\jaxb-runtime\2.3.6\jaxb-runtime-2.3.6.jar;E:\mavenRepository\org\glassfish\jaxb\txw2\2.3.6\txw2-2.3.6.jar;E:\mavenRepository\com\sun\istack\istack-commons-runtime\3.0.12\istack-commons-runtime-3.0.12.jar;E:\mavenRepository\org\springframework\data\spring-data-jpa\2.7.3\spring-data-jpa-2.7.3.jar;E:\mavenRepository\org\springframework\data\spring-data-commons\2.7.3\spring-data-commons-2.7.3.jar;E:\mavenRepository\org\springframework\spring-orm\5.3.23\spring-orm-5.3.23.jar;E:\mavenRepository\org\springframework\spring-tx\5.3.23\spring-tx-5.3.23.jar;E:\mavenRepository\org\slf4j\slf4j-api\1.7.36\slf4j-api-1.7.36.jar;E:\mavenRepository\org\springframework\spring-aspects\5.3.23\spring-aspects-5.3.23.jar;E:\mavenRepository\org\springframework\boot\spring-boot-starter-test\2.7.4\spring-boot-starter-test-2.7.4.jar;E:\mavenRepository\org\springframework\boot\spring-boot-test\2.7.4\spring-boot-test-2.7.4.jar;E:\mavenRepository\org\springframework\boot\spring-boot-test-autoconfigure\2.7.4\spring-boot-test-autoconfigure-2.7.4.jar;E:\mavenRepository\com\jayway\jsonpath\json-path\2.7.0\json-path-2.7.0.jar;E:\mavenRepository\net\minidev\json-smart\2.4.8\json-smart-2.4.8.jar;E:\mavenRepository\net\minidev\accessors-smart\2.4.8\accessors-smart-2.4.8.jar;E:\mavenRepository\org\ow2\asm\asm\9.1\asm-9.1.jar;E:\mavenRepository\jakarta\xml\bind\jakarta.xml.bind-api\2.3.3\jakarta.xml.bind-api-2.3.3.jar;E:\mavenRepository\jakarta\activation\jakarta.activation-api\1.2.2\jakarta.activation-api-1.2.2.jar;E:\mavenRepository\org\assertj\assertj-core\3.22.0\assertj-core-3.22.0.jar;E:\mavenRepository\org\hamcrest\hamcrest\2.2\hamcrest-2.2.jar;E:\mavenRepository\org\junit\jupiter\junit-jupiter\5.8.2\junit-jupiter-5.8.2.jar;E:\mavenRepository\org\junit\jupiter\junit-jupiter-api\5.8.2\junit-jupiter-api-5.8.2.jar;E:\mavenRepository\org\opentest4j\opentest4j\1.2.0\opentest4j-1.2.0.jar;E:\mavenRepository\org\junit\platform\junit-platform-commons\1.8.2\junit-platform-commons-1.8.2.jar;E:\mavenRepository\org\apiguardian\apiguardian-api\1.1.2\apiguardian-api-1.1.2.jar;E:\mavenRepository\org\junit\jupiter\junit-jupiter-params\5.8.2\junit-jupiter-params-5.8.2.jar;E:\mavenRepository\org\junit\jupiter\junit-jupiter-engine\5.8.2\junit-jupiter-engine-5.8.2.jar;E:\mavenRepository\org\junit\platform\junit-platform-engine\1.8.2\junit-platform-engine-1.8.2.jar;E:\mavenRepository\org\mockito\mockito-core\4.5.1\mockito-core-4.5.1.jar;E:\mavenRepository\net\bytebuddy\byte-buddy-agent\1.12.17\byte-buddy-agent-1.12.17.jar;E:\mavenRepository\org\objenesis\objenesis\3.2\objenesis-3.2.jar;E:\mavenRepository\org\mockito\mockito-junit-jupiter\4.5.1\mockito-junit-jupiter-4.5.1.jar;E:\mavenRepository\org\skyscreamer\jsonassert\1.5.1\jsonassert-1.5.1.jar;E:\mavenRepository\com\vaadin\external\google\android-json\0.0.20131108.vaadin1\android-json-0.0.20131108.vaadin1.jar;E:\mavenRepository\org\springframework\spring-core\5.3.23\spring-core-5.3.23.jar;E:\mavenRepository\org\springframework\spring-jcl\5.3.23\spring-jcl-5.3.23.jar;E:\mavenRepository\org\springframework\spring-test\5.3.23\spring-test-5.3.23.jar;E:\mavenRepository\org\xmlunit\xmlunit-core\2.9.0\xmlunit-core-2.9.0.jar;E:\mavenRepository\com\alibaba\druid\1.1.0\druid-1.1.0.jar;D:\java\jdk1.8.0_171\jre\..\lib\jconsole.jar;D:\java\jdk1.8.0_171\jre\..\lib\tools.jar;E:\mavenRepository\com\baomidou\mybatis-plus-boot-starter\3.4.2\mybatis-plus-boot-starter-3.4.2.jar;E:\mavenRepository\com\baomidou\mybatis-plus\3.4.2\mybatis-plus-3.4.2.jar;E:\mavenRepository\com\baomidou\mybatis-plus-extension\3.4.2\mybatis-plus-extension-3.4.2.jar;E:\mavenRepository\com\baomidou\mybatis-plus-core\3.4.2\mybatis-plus-core-3.4.2.jar;E:\mavenRepository\com\baomidou\mybatis-plus-annotation\3.4.2\mybatis-plus-annotation-3.4.2.jar;E:\mavenRepository\com\github\jsqlparser\jsqlparser\4.0\jsqlparser-4.0.jar;E:\mavenRepository\org\mybatis\mybatis\3.5.6\mybatis-3.5.6.jar;E:\mavenRepository\org\mybatis\mybatis-spring\2.0.5\mybatis-spring-2.0.5.jar;E:\mavenRepository\org\springframework\boot\spring-boot-autoconfigure\2.7.4\spring-boot-autoconfigure-2.7.4.jar;"/>
    <property name="java.vm.vendor" value="Oracle Corporation"/>
    <property name="sun.arch.data.model" value="64"/>
    <property name="user.variant" value=""/>
    <property name="java.vendor.url" value="http://java.oracle.com/"/>
    <property name="user.timezone" value="Asia/Shanghai"/>
    <property name="java.vm.specification.version" value="1.8"/>
    <property name="os.name" value="Windows 10"/>
    <property name="user.country" value="CN"/>
    <property name="sun.java.launcher" value="SUN_STANDARD"/>
    <property name="sun.boot.library.path" value="D:\java\jdk1.8.0_171\jre\bin"/>
    <property name="sun.java.command" value="C:\Users\dell\AppData\Local\Temp\surefire5272682396344937213\surefirebooter8705664179740355951.jar C:\Users\dell\AppData\Local\Temp\surefire5272682396344937213 2023-10-21T10-31-36_391-jvmRun1 surefire641568979374016676tmp surefire_06947117403011503967tmp"/>
    <property name="surefire.test.class.path" value="D:\IDEAWORK\xlz\target\test-classes;D:\IDEAWORK\xlz\target\classes;E:\mavenRepository\org\springframework\boot\spring-boot-starter-web\2.7.4\spring-boot-starter-web-2.7.4.jar;E:\mavenRepository\org\springframework\boot\spring-boot-starter\2.7.4\spring-boot-starter-2.7.4.jar;E:\mavenRepository\org\springframework\boot\spring-boot\2.7.4\spring-boot-2.7.4.jar;E:\mavenRepository\org\springframework\boot\spring-boot-starter-logging\2.7.4\spring-boot-starter-logging-2.7.4.jar;E:\mavenRepository\ch\qos\logback\logback-classic\1.2.11\logback-classic-1.2.11.jar;E:\mavenRepository\ch\qos\logback\logback-core\1.2.11\logback-core-1.2.11.jar;E:\mavenRepository\org\apache\logging\log4j\log4j-to-slf4j\2.17.2\log4j-to-slf4j-2.17.2.jar;E:\mavenRepository\org\apache\logging\log4j\log4j-api\2.17.2\log4j-api-2.17.2.jar;E:\mavenRepository\org\slf4j\jul-to-slf4j\1.7.36\jul-to-slf4j-1.7.36.jar;E:\mavenRepository\jakarta\annotation\jakarta.annotation-api\1.3.5\jakarta.annotation-api-1.3.5.jar;E:\mavenRepository\org\yaml\snakeyaml\1.30\snakeyaml-1.30.jar;E:\mavenRepository\org\springframework\boot\spring-boot-starter-json\2.7.4\spring-boot-starter-json-2.7.4.jar;E:\mavenRepository\com\fasterxml\jackson\core\jackson-databind\2.13.4\jackson-databind-2.13.4.jar;E:\mavenRepository\com\fasterxml\jackson\core\jackson-annotations\2.13.4\jackson-annotations-2.13.4.jar;E:\mavenRepository\com\fasterxml\jackson\core\jackson-core\2.13.4\jackson-core-2.13.4.jar;E:\mavenRepository\com\fasterxml\jackson\datatype\jackson-datatype-jdk8\2.13.4\jackson-datatype-jdk8-2.13.4.jar;E:\mavenRepository\com\fasterxml\jackson\datatype\jackson-datatype-jsr310\2.13.4\jackson-datatype-jsr310-2.13.4.jar;E:\mavenRepository\com\fasterxml\jackson\module\jackson-module-parameter-names\2.13.4\jackson-module-parameter-names-2.13.4.jar;E:\mavenRepository\org\springframework\boot\spring-boot-starter-tomcat\2.7.4\spring-boot-starter-tomcat-2.7.4.jar;E:\mavenRepository\org\apache\tomcat\embed\tomcat-embed-core\9.0.65\tomcat-embed-core-9.0.65.jar;E:\mavenRepository\org\apache\tomcat\embed\tomcat-embed-el\9.0.65\tomcat-embed-el-9.0.65.jar;E:\mavenRepository\org\apache\tomcat\embed\tomcat-embed-websocket\9.0.65\tomcat-embed-websocket-9.0.65.jar;E:\mavenRepository\org\springframework\spring-web\5.3.23\spring-web-5.3.23.jar;E:\mavenRepository\org\springframework\spring-beans\5.3.23\spring-beans-5.3.23.jar;E:\mavenRepository\org\springframework\spring-webmvc\5.3.23\spring-webmvc-5.3.23.jar;E:\mavenRepository\org\springframework\spring-aop\5.3.23\spring-aop-5.3.23.jar;E:\mavenRepository\org\springframework\spring-context\5.3.23\spring-context-5.3.23.jar;E:\mavenRepository\org\springframework\spring-expression\5.3.23\spring-expression-5.3.23.jar;E:\mavenRepository\mysql\mysql-connector-java\8.0.30\mysql-connector-java-8.0.30.jar;E:\mavenRepository\org\projectlombok\lombok\1.18.24\lombok-1.18.24.jar;E:\mavenRepository\org\springframework\boot\spring-boot-starter-mail\2.7.4\spring-boot-starter-mail-2.7.4.jar;E:\mavenRepository\org\springframework\spring-context-support\5.3.23\spring-context-support-5.3.23.jar;E:\mavenRepository\com\sun\mail\jakarta.mail\1.6.7\jakarta.mail-1.6.7.jar;E:\mavenRepository\com\sun\activation\jakarta.activation\1.2.2\jakarta.activation-1.2.2.jar;E:\mavenRepository\org\springframework\boot\spring-boot-starter-data-jpa\2.7.4\spring-boot-starter-data-jpa-2.7.4.jar;E:\mavenRepository\org\springframework\boot\spring-boot-starter-aop\2.7.4\spring-boot-starter-aop-2.7.4.jar;E:\mavenRepository\org\aspectj\aspectjweaver\1.9.7\aspectjweaver-1.9.7.jar;E:\mavenRepository\org\springframework\boot\spring-boot-starter-jdbc\2.7.4\spring-boot-starter-jdbc-2.7.4.jar;E:\mavenRepository\com\zaxxer\HikariCP\4.0.3\HikariCP-4.0.3.jar;E:\mavenRepository\org\springframework\spring-jdbc\5.3.23\spring-jdbc-5.3.23.jar;E:\mavenRepository\jakarta\transaction\jakarta.transaction-api\1.3.3\jakarta.transaction-api-1.3.3.jar;E:\mavenRepository\jakarta\persistence\jakarta.persistence-api\2.2.3\jakarta.persistence-api-2.2.3.jar;E:\mavenRepository\org\hibernate\hibernate-core\5.6.11.Final\hibernate-core-5.6.11.Final.jar;E:\mavenRepository\org\jboss\logging\jboss-logging\3.4.3.Final\jboss-logging-3.4.3.Final.jar;E:\mavenRepository\net\bytebuddy\byte-buddy\1.12.17\byte-buddy-1.12.17.jar;E:\mavenRepository\antlr\antlr\2.7.7\antlr-2.7.7.jar;E:\mavenRepository\org\jboss\jandex\2.4.2.Final\jandex-2.4.2.Final.jar;E:\mavenRepository\com\fasterxml\classmate\1.5.1\classmate-1.5.1.jar;E:\mavenRepository\org\hibernate\common\hibernate-commons-annotations\5.1.2.Final\hibernate-commons-annotations-5.1.2.Final.jar;E:\mavenRepository\org\glassfish\jaxb\jaxb-runtime\2.3.6\jaxb-runtime-2.3.6.jar;E:\mavenRepository\org\glassfish\jaxb\txw2\2.3.6\txw2-2.3.6.jar;E:\mavenRepository\com\sun\istack\istack-commons-runtime\3.0.12\istack-commons-runtime-3.0.12.jar;E:\mavenRepository\org\springframework\data\spring-data-jpa\2.7.3\spring-data-jpa-2.7.3.jar;E:\mavenRepository\org\springframework\data\spring-data-commons\2.7.3\spring-data-commons-2.7.3.jar;E:\mavenRepository\org\springframework\spring-orm\5.3.23\spring-orm-5.3.23.jar;E:\mavenRepository\org\springframework\spring-tx\5.3.23\spring-tx-5.3.23.jar;E:\mavenRepository\org\slf4j\slf4j-api\1.7.36\slf4j-api-1.7.36.jar;E:\mavenRepository\org\springframework\spring-aspects\5.3.23\spring-aspects-5.3.23.jar;E:\mavenRepository\org\springframework\boot\spring-boot-starter-test\2.7.4\spring-boot-starter-test-2.7.4.jar;E:\mavenRepository\org\springframework\boot\spring-boot-test\2.7.4\spring-boot-test-2.7.4.jar;E:\mavenRepository\org\springframework\boot\spring-boot-test-autoconfigure\2.7.4\spring-boot-test-autoconfigure-2.7.4.jar;E:\mavenRepository\com\jayway\jsonpath\json-path\2.7.0\json-path-2.7.0.jar;E:\mavenRepository\net\minidev\json-smart\2.4.8\json-smart-2.4.8.jar;E:\mavenRepository\net\minidev\accessors-smart\2.4.8\accessors-smart-2.4.8.jar;E:\mavenRepository\org\ow2\asm\asm\9.1\asm-9.1.jar;E:\mavenRepository\jakarta\xml\bind\jakarta.xml.bind-api\2.3.3\jakarta.xml.bind-api-2.3.3.jar;E:\mavenRepository\jakarta\activation\jakarta.activation-api\1.2.2\jakarta.activation-api-1.2.2.jar;E:\mavenRepository\org\assertj\assertj-core\3.22.0\assertj-core-3.22.0.jar;E:\mavenRepository\org\hamcrest\hamcrest\2.2\hamcrest-2.2.jar;E:\mavenRepository\org\junit\jupiter\junit-jupiter\5.8.2\junit-jupiter-5.8.2.jar;E:\mavenRepository\org\junit\jupiter\junit-jupiter-api\5.8.2\junit-jupiter-api-5.8.2.jar;E:\mavenRepository\org\opentest4j\opentest4j\1.2.0\opentest4j-1.2.0.jar;E:\mavenRepository\org\junit\platform\junit-platform-commons\1.8.2\junit-platform-commons-1.8.2.jar;E:\mavenRepository\org\apiguardian\apiguardian-api\1.1.2\apiguardian-api-1.1.2.jar;E:\mavenRepository\org\junit\jupiter\junit-jupiter-params\5.8.2\junit-jupiter-params-5.8.2.jar;E:\mavenRepository\org\junit\jupiter\junit-jupiter-engine\5.8.2\junit-jupiter-engine-5.8.2.jar;E:\mavenRepository\org\junit\platform\junit-platform-engine\1.8.2\junit-platform-engine-1.8.2.jar;E:\mavenRepository\org\mockito\mockito-core\4.5.1\mockito-core-4.5.1.jar;E:\mavenRepository\net\bytebuddy\byte-buddy-agent\1.12.17\byte-buddy-agent-1.12.17.jar;E:\mavenRepository\org\objenesis\objenesis\3.2\objenesis-3.2.jar;E:\mavenRepository\org\mockito\mockito-junit-jupiter\4.5.1\mockito-junit-jupiter-4.5.1.jar;E:\mavenRepository\org\skyscreamer\jsonassert\1.5.1\jsonassert-1.5.1.jar;E:\mavenRepository\com\vaadin\external\google\android-json\0.0.20131108.vaadin1\android-json-0.0.20131108.vaadin1.jar;E:\mavenRepository\org\springframework\spring-core\5.3.23\spring-core-5.3.23.jar;E:\mavenRepository\org\springframework\spring-jcl\5.3.23\spring-jcl-5.3.23.jar;E:\mavenRepository\org\springframework\spring-test\5.3.23\spring-test-5.3.23.jar;E:\mavenRepository\org\xmlunit\xmlunit-core\2.9.0\xmlunit-core-2.9.0.jar;E:\mavenRepository\com\alibaba\druid\1.1.0\druid-1.1.0.jar;D:\java\jdk1.8.0_171\jre\..\lib\jconsole.jar;D:\java\jdk1.8.0_171\jre\..\lib\tools.jar;E:\mavenRepository\com\baomidou\mybatis-plus-boot-starter\3.4.2\mybatis-plus-boot-starter-3.4.2.jar;E:\mavenRepository\com\baomidou\mybatis-plus\3.4.2\mybatis-plus-3.4.2.jar;E:\mavenRepository\com\baomidou\mybatis-plus-extension\3.4.2\mybatis-plus-extension-3.4.2.jar;E:\mavenRepository\com\baomidou\mybatis-plus-core\3.4.2\mybatis-plus-core-3.4.2.jar;E:\mavenRepository\com\baomidou\mybatis-plus-annotation\3.4.2\mybatis-plus-annotation-3.4.2.jar;E:\mavenRepository\com\github\jsqlparser\jsqlparser\4.0\jsqlparser-4.0.jar;E:\mavenRepository\org\mybatis\mybatis\3.5.6\mybatis-3.5.6.jar;E:\mavenRepository\org\mybatis\mybatis-spring\2.0.5\mybatis-spring-2.0.5.jar;E:\mavenRepository\org\springframework\boot\spring-boot-autoconfigure\2.7.4\spring-boot-autoconfigure-2.7.4.jar;"/>
    <property name="sun.cpu.endian" value="little"/>
    <property name="user.home" value="C:\Users\dell"/>
    <property name="user.language" value="zh"/>
    <property name="java.specification.vendor" value="Oracle Corporation"/>
    <property name="java.home" value="D:\java\jdk1.8.0_171\jre"/>
    <property name="basedir" value="D:\IDEAWORK\xlz"/>
    <property name="file.separator" value="\"/>
    <property name="line.separator" value="&#10;"/>
    <property name="java.vm.specification.vendor" value="Oracle Corporation"/>
    <property name="java.specification.name" value="Java Platform API Specification"/>
    <property name="java.awt.graphicsenv" value="sun.awt.Win32GraphicsEnvironment"/>
    <property name="surefire.real.class.path" value="C:\Users\dell\AppData\Local\Temp\surefire5272682396344937213\surefirebooter8705664179740355951.jar"/>
    <property name="sun.boot.class.path" value="D:\java\jdk1.8.0_171\jre\lib\resources.jar;D:\java\jdk1.8.0_171\jre\lib\rt.jar;D:\java\jdk1.8.0_171\jre\lib\sunrsasign.jar;D:\java\jdk1.8.0_171\jre\lib\jsse.jar;D:\java\jdk1.8.0_171\jre\lib\jce.jar;D:\java\jdk1.8.0_171\jre\lib\charsets.jar;D:\java\jdk1.8.0_171\jre\lib\jfr.jar;D:\java\jdk1.8.0_171\jre\classes"/>
    <property name="user.script" value=""/>
    <property name="sun.management.compiler" value="HotSpot 64-Bit Tiered Compilers"/>
    <property name="java.runtime.version" value="1.8.0_171-b11"/>
    <property name="user.name" value="ZJY"/>
    <property name="path.separator" value=";"/>
    <property name="os.version" value="10.0"/>
    <property name="java.endorsed.dirs" value="D:\java\jdk1.8.0_171\jre\lib\endorsed"/>
    <property name="java.runtime.name" value="Java(TM) SE Runtime Environment"/>
    <property name="file.encoding" value="GBK"/>
    <property name="java.vm.name" value="Java HotSpot(TM) 64-Bit Server VM"/>
    <property name="localRepository" value="E:\mavenRepository"/>
    <property name="java.vendor.url.bug" value="http://bugreport.sun.com/bugreport/"/>
    <property name="java.io.tmpdir" value="C:\Users\dell\AppData\Local\Temp\"/>
    <property name="idea.version" value="2018.3.6"/>
    <property name="java.version" value="1.8.0_171"/>
    <property name="user.dir" value="D:\IDEAWORK\xlz"/>
    <property name="os.arch" value="amd64"/>
    <property name="java.vm.specification.name" value="Java Virtual Machine Specification"/>
    <property name="java.awt.printerjob" value="sun.awt.windows.WPrinterJob"/>
    <property name="sun.os.patch.level" value=""/>
    <property name="java.library.path" value="D:\java\jdk1.8.0_171\jre\bin;C:\Windows\Sun\Java\bin;C:\Windows\system32;C:\Windows;C:\Users\dell\AppData\Local\Programs\Python\Python311\Scripts;C:\Windows;C:\Windows\System32\Wbem;C:\Windows\System32\WindowsPowerShell\v1.0\;C:\Windows\System32\OpenSSH\;C:\Program Files\dotnet\;C:\Program Files (x86)\NVIDIA Corporation\PhysX\Common;C:\Program Files\NVIDIA Corporation\NVIDIA NvDLISR;D:\java\jdk1.8.0_171\bin;D:\java\jre1.8.0_171\bin;D:\NODE\;C:\Users\dell\AppData\Local\Yarn\bin;D:\Git\cmd;C:\rabbitmq\rabbitmq_server-3.10.2\sbin;C:\Users\dell\AppData\Local\Programs\Python\Python39;D:\小程序开发\微信web开发者工具\dll;D:\redis;:\Program Files\Git\cmd;C:\Program Files\Git\cmd;C:\Users\dell\AppData\Local\Programs\Python\Python311;C:\Windows\System32;&quot;C:\Windows\system32;&quot;;C:\Users\dell\AppData\Local\Programs\Python\Python311\Scripts\;C:\Users\dell\AppData\Local\Programs\Python\Python311\;C:\Users\dell\AppData\Local\Microsoft\WindowsApps;D:\VsCode\Microsoft VS Code\bin;C:\Users\dell\AppData\Roaming\npm;."/>
    <property name="java.vm.info" value="mixed mode"/>
    <property name="java.vendor" value="Oracle Corporation"/>
    <property name="java.vm.version" value="25.171-b11"/>
    <property name="java.ext.dirs" value="D:\java\jdk1.8.0_171\jre\lib\ext;C:\Windows\Sun\Java\lib\ext"/>
    <property name="sun.io.unicode.encoding" value="UnicodeLittle"/>
    <property name="java.class.version" value="52.0"/>
  </properties>
  <testcase name="contextLoads" classname="com.zjy.xlz.XlzApplicationTests" time="0.078"/>
</testsuite>